2025-05-06 16:24:39 [error]: Error creating timetable: Timetable validation failed: days.0.slots.2.subjectCode: Subject code is required, days.0.slots.3.subjectCode: Subject code is required, days.0.slots.4.subjectCode: Subject code is required, days.1.slots.0.subjectCode: Subject code is required, days.1.slots.3.subjectCode: Subject code is required, days.1.slots.4.subjectCode: Subject code is required, days.2.slots.0.subjectCode: Subject code is required, days.2.slots.1.subjectCode: Subject code is required, days.2.slots.4.subjectCode: Subject code is required, days.3.slots.0.subjectCode: Subject code is required, days.3.slots.1.subjectCode: Subject code is required, days.3.slots.2.subjectCode: Subject code is required, days.3.slots.3.subjectCode: Subject code is required, days.3.slots.4.subjectCode: Subject code is required, days.4.slots.0.subjectCode: Subject code is required, days.4.slots.1.subjectCode: Subject code is required, days.4.slots.2.subjectCode: Subject code is required, days.4.slots.3.subjectCode: Subject code is required, days.4.slots.4.subjectCode: Subject code is required, days.5.slots.1.subjectCode: Subject code is required, days.5.slots.3.subjectCode: Subject code is required, days.5.slots.4.subjectCode: Subject code is required 
2025-05-06 16:24:51 [error]: Error creating timetable: Timetable validation failed: days.0.slots.2.subjectCode: Subject code is required, days.0.slots.3.subjectCode: Subject code is required, days.0.slots.4.subjectCode: Subject code is required, days.1.slots.0.subjectCode: Subject code is required, days.1.slots.3.subjectCode: Subject code is required, days.1.slots.4.subjectCode: Subject code is required, days.2.slots.0.subjectCode: Subject code is required, days.2.slots.1.subjectCode: Subject code is required, days.2.slots.4.subjectCode: Subject code is required, days.3.slots.0.subjectCode: Subject code is required, days.3.slots.1.subjectCode: Subject code is required, days.3.slots.2.subjectCode: Subject code is required, days.3.slots.3.subjectCode: Subject code is required, days.3.slots.4.subjectCode: Subject code is required, days.4.slots.0.subjectCode: Subject code is required, days.4.slots.1.subjectCode: Subject code is required, days.4.slots.2.subjectCode: Subject code is required, days.4.slots.3.subjectCode: Subject code is required, days.4.slots.4.subjectCode: Subject code is required, days.5.slots.1.subjectCode: Subject code is required, days.5.slots.3.subjectCode: Subject code is required, days.5.slots.4.subjectCode: Subject code is required 
2025-05-07 20:45:26 [error]: Error creating timetable: Timetable validation failed: days.0.slots.0.type: `class` is not a valid enum value for path `type`. 
2025-05-07 20:45:33 [error]: Error creating timetable: Timetable validation failed: days.0.slots.0.type: `class` is not a valid enum value for path `type`. 
2025-05-07 20:46:50 [error]: Error creating timetable: Timetable validation failed: days.0.slots.0.type: `class` is not a valid enum value for path `type`., days.1.slots.0.type: `class` is not a valid enum value for path `type`., days.5.slots.0.type: `class` is not a valid enum value for path `type`. 
2025-05-07 21:19:38 [error]: Error creating timetable: Timetable validation failed: days.0.slots.0.type: `regular` is not a valid enum value for path `type`., days.1.slots.0.type: `regular` is not a valid enum value for path `type`., days.5.slots.0.type: `regular` is not a valid enum value for path `type`. 
2025-05-07 21:21:38 [error]: Error creating timetable: Timetable validation failed: days.0.slots.0.type: `class` is not a valid enum value for path `type`., days.1.slots.0.type: `class` is not a valid enum value for path `type`., days.5.slots.0.type: `class` is not a valid enum value for path `type`. 
2025-05-08 01:57:40 [error]: Admin auth middleware error: jwt malformed 
2025-05-08 01:57:40 [error]: Admin auth middleware error: jwt malformed 
2025-05-08 01:57:40 [error]: Admin auth middleware error: jwt malformed 
2025-05-08 01:57:40 [error]: Admin auth middleware error: jwt malformed 
2025-05-08 01:57:50 [error]: Admin auth middleware error: jwt malformed 
2025-05-08 01:57:50 [error]: Admin auth middleware error: jwt malformed 
2025-05-08 03:35:08 [error]: Error creating timetable: Timetable validation failed: days.0.slots.0.type: `class` is not a valid enum value for path `type`., days.0.slots.1.type: `class` is not a valid enum value for path `type`., days.0.slots.2.type: `interval` is not a valid enum value for path `type`., days.0.slots.3.type: `class` is not a valid enum value for path `type`., days.0.slots.4.type: `class` is not a valid enum value for path `type`., days.0.slots.5.type: `lunch` is not a valid enum value for path `type`., days.0.slots.6.type: `class` is not a valid enum value for path `type`., days.0.slots.7.type: `class` is not a valid enum value for path `type`., days.1.slots.0.type: `class` is not a valid enum value for path `type`., days.1.slots.1.type: `class` is not a valid enum value for path `type`., days.1.slots.2.type: `interval` is not a valid enum value for path `type`., days.1.slots.3.type: `class` is not a valid enum value for path `type`., days.1.slots.4.type: `class` is not a valid enum value for path `type`., days.1.slots.5.type: `lunch` is not a valid enum value for path `type`., days.1.slots.6.type: `class` is not a valid enum value for path `type`., days.1.slots.7.type: `class` is not a valid enum value for path `type`., days.2.slots.0.type: `class` is not a valid enum value for path `type`., days.2.slots.1.type: `class` is not a valid enum value for path `type`., days.2.slots.2.type: `interval` is not a valid enum value for path `type`., days.2.slots.3.type: `class` is not a valid enum value for path `type`., days.2.slots.4.type: `class` is not a valid enum value for path `type`., days.2.slots.5.type: `lunch` is not a valid enum value for path `type`., days.2.slots.6.type: `class` is not a valid enum value for path `type`., days.2.slots.7.type: `class` is not a valid enum value for path `type`., days.3.slots.0.type: `class` is not a valid enum value for path `type`., days.3.slots.1.type: `class` is not a valid enum value for path `type`., days.3.slots.2.type: `interval` is not a valid enum value for path `type`., days.3.slots.3.type: `class` is not a valid enum value for path `type`., days.3.slots.4.type: `class` is not a valid enum value for path `type`., days.3.slots.5.type: `lunch` is not a valid enum value for path `type`., days.3.slots.6.type: `class` is not a valid enum value for path `type`., days.3.slots.7.type: `class` is not a valid enum value for path `type`., days.4.slots.0.type: `class` is not a valid enum value for path `type`., days.4.slots.1.type: `class` is not a valid enum value for path `type`., days.4.slots.2.type: `interval` is not a valid enum value for path `type`., days.4.slots.3.type: `class` is not a valid enum value for path `type`., days.4.slots.4.type: `class` is not a valid enum value for path `type`., days.4.slots.5.type: `lunch` is not a valid enum value for path `type`., days.4.slots.6.type: `class` is not a valid enum value for path `type`., days.4.slots.7.type: `class` is not a valid enum value for path `type`., days.5.slots.0.type: `class` is not a valid enum value for path `type`., days.5.slots.1.type: `class` is not a valid enum value for path `type`., days.5.slots.2.type: `interval` is not a valid enum value for path `type`., days.5.slots.3.type: `class` is not a valid enum value for path `type`., days.5.slots.4.type: `class` is not a valid enum value for path `type`., days.5.slots.5.type: `lunch` is not a valid enum value for path `type`., days.5.slots.6.type: `class` is not a valid enum value for path `type`., days.5.slots.7.type: `class` is not a valid enum value for path `type`. 
2025-05-09 10:59:03 [error]: Admin auth middleware error: jwt expired 
2025-05-09 10:59:03 [error]: Admin auth middleware error: jwt expired 
2025-05-09 10:59:03 [error]: Admin auth middleware error: jwt expired 
2025-05-09 10:59:03 [error]: Admin auth middleware error: jwt expired 
2025-05-09 11:06:18 [error]: Admin auth middleware error: jwt expired 
2025-05-09 11:06:18 [error]: Admin auth middleware error: jwt expired 
2025-05-09 11:06:18 [error]: Admin auth middleware error: jwt expired 
2025-05-09 11:06:18 [error]: Admin auth middleware error: jwt expired 
2025-05-09 19:21:29 [error]: Error fetching classroom: Cast to ObjectId failed for value "occupancy" (type string) at path "_id" for model "Classroom" 
2025-05-09 19:21:30 [error]: Error fetching classroom: Cast to ObjectId failed for value "occupancy" (type string) at path "_id" for model "Classroom" 
2025-05-09 19:28:40 [error]: Error fetching classroom: Cast to ObjectId failed for value "occupancy" (type string) at path "_id" for model "Classroom" 
2025-05-09 19:39:01 [error]: Error fetching classroom: Cast to ObjectId failed for value "occupancy" (type string) at path "_id" for model "Classroom" 
2025-05-09 19:39:32 [error]: Error fetching classroom: Cast to ObjectId failed for value "occupancy" (type string) at path "_id" for model "Classroom" 
2025-05-09 19:40:40 [error]: Error fetching classroom: Cast to ObjectId failed for value "occupancy" (type string) at path "_id" for model "Classroom" 
2025-05-09 19:50:05 [error]: Error fetching classroom: Cast to ObjectId failed for value "occupancy" (type string) at path "_id" for model "Classroom" 
2025-05-09 19:50:27 [error]: Error fetching classroom: Cast to ObjectId failed for value "occupancy" (type string) at path "_id" for model "Classroom" 
2025-05-09 19:50:57 [error]: Error fetching classroom: Cast to ObjectId failed for value "occupancy" (type string) at path "_id" for model "Classroom" 
2025-05-09 19:55:30 [error]: Error fetching classroom: Cast to ObjectId failed for value "occupancy" (type string) at path "_id" for model "Classroom" 
2025-05-09 19:55:45 [error]: Error fetching classroom: Cast to ObjectId failed for value "occupancy" (type string) at path "_id" for model "Classroom" 
2025-05-09 20:20:52 [error]: Unhandled error: Unexpected token '"', ""student"" is not valid JSON {
  "path": "/api/admin/registration-codes",
  "method": "POST",
  "stack": "SyntaxError: Unexpected token '\"', \"\"student\"\" is not valid JSON\n    at JSON.parse (<anonymous>)\n    at createStrictSyntaxError (D:\\Edgile\\Edgile\\edgile-backend\\node_modules\\body-parser\\lib\\types\\json.js:169:10)\n    at parse (D:\\Edgile\\Edgile\\edgile-backend\\node_modules\\body-parser\\lib\\types\\json.js:86:15)\n    at D:\\Edgile\\Edgile\\edgile-backend\\node_modules\\body-parser\\lib\\read.js:128:18\n    at AsyncResource.runInAsyncScope (node:async_hooks:214:14)\n    at invokeCallback (D:\\Edgile\\Edgile\\edgile-backend\\node_modules\\raw-body\\index.js:238:16)\n    at done (D:\\Edgile\\Edgile\\edgile-backend\\node_modules\\raw-body\\index.js:227:7)\n    at IncomingMessage.onEnd (D:\\Edgile\\Edgile\\edgile-backend\\node_modules\\raw-body\\index.js:287:7)\n    at IncomingMessage.emit (node:events:518:28)\n    at endReadableNT (node:internal/streams/readable:1698:12)"
}
2025-05-09 20:22:13 [error]: Unhandled error: Unexpected token '"', ""student"" is not valid JSON {
  "path": "/api/admin/registration-codes",
  "method": "POST",
  "stack": "SyntaxError: Unexpected token '\"', \"\"student\"\" is not valid JSON\n    at JSON.parse (<anonymous>)\n    at createStrictSyntaxError (D:\\Edgile\\Edgile\\edgile-backend\\node_modules\\body-parser\\lib\\types\\json.js:169:10)\n    at parse (D:\\Edgile\\Edgile\\edgile-backend\\node_modules\\body-parser\\lib\\types\\json.js:86:15)\n    at D:\\Edgile\\Edgile\\edgile-backend\\node_modules\\body-parser\\lib\\read.js:128:18\n    at AsyncResource.runInAsyncScope (node:async_hooks:214:14)\n    at invokeCallback (D:\\Edgile\\Edgile\\edgile-backend\\node_modules\\raw-body\\index.js:238:16)\n    at done (D:\\Edgile\\Edgile\\edgile-backend\\node_modules\\raw-body\\index.js:227:7)\n    at IncomingMessage.onEnd (D:\\Edgile\\Edgile\\edgile-backend\\node_modules\\raw-body\\index.js:287:7)\n    at IncomingMessage.emit (node:events:518:28)\n    at endReadableNT (node:internal/streams/readable:1698:12)"
}
2025-05-10 10:34:36 [error]: Error fetching classrooms: Cast to ObjectId failed for value "UNKNOWN_UNIVERSITY_CODE" (type string) at path "university" for model "Classroom" 
2025-05-10 11:04:03 [error]: Error fetching classrooms: Cast to ObjectId failed for value "UNKNOWN_UNIVERSITY_CODE" (type string) at path "university" for model "Classroom" 
2025-05-10 11:05:07 [error]: Error fetching classrooms: Cast to ObjectId failed for value "UNKNOWN_UNIVERSITY_CODE" (type string) at path "university" for model "Classroom" 
2025-05-10 11:07:02 [error]: Error fetching classrooms: Cast to ObjectId failed for value "KLE-F104ED" (type string) at path "university" for model "Classroom" 
2025-05-10 12:51:44 [error]: 🔥 JWT Verification Error: connection 10 to 159.41.207.113:27017 timed out {
  "reason": {
    "type": "ReplicaSetNoPrimary",
    "servers": {},
    "stale": false,
    "compatible": true,
    "heartbeatFrequencyMS": 10000,
    "localThresholdMS": 15,
    "setName": "atlas-ba3c4s-shard-0",
    "maxElectionId": "7fffffff00000000000000bb",
    "maxSetVersion": 1,
    "commonWireVersion": 0,
    "logicalSessionTimeoutMinutes": 30
  },
  "stack": "MongooseServerSelectionError: connection 10 to 159.41.207.113:27017 timed out\n    at Model.$wrapCallback (D:\\Edgile\\Edgile\\edgile-backend\\node_modules\\mongoose\\lib\\model.js:5433:32)\n    at D:\\Edgile\\Edgile\\edgile-backend\\node_modules\\mongoose\\lib\\query.js:4938:21\n    at D:\\Edgile\\Edgile\\edgile-backend\\node_modules\\mongoose\\lib\\helpers\\promiseOrCallback.js:41:5\n    at new Promise (<anonymous>)\n    at promiseOrCallback (D:\\Edgile\\Edgile\\edgile-backend\\node_modules\\mongoose\\lib\\helpers\\promiseOrCallback.js:40:10)\n    at model.Query.exec (D:\\Edgile\\Edgile\\edgile-backend\\node_modules\\mongoose\\lib\\query.js:4937:10)\n    at Query.then (D:\\Edgile\\Edgile\\edgile-backend\\node_modules\\mongoose\\lib\\query.js:5020:15)\n    at process.processTicksAndRejections (node:internal/process/task_queues:105:5)"
}
2025-05-10 12:51:44 [error]: 🔥 JWT Verification Error: connection 10 to 159.41.207.113:27017 timed out {
  "reason": {
    "type": "ReplicaSetNoPrimary",
    "servers": {},
    "stale": false,
    "compatible": true,
    "heartbeatFrequencyMS": 10000,
    "localThresholdMS": 15,
    "setName": "atlas-ba3c4s-shard-0",
    "maxElectionId": "7fffffff00000000000000bb",
    "maxSetVersion": 1,
    "commonWireVersion": 0,
    "logicalSessionTimeoutMinutes": 30
  },
  "stack": "MongooseServerSelectionError: connection 10 to 159.41.207.113:27017 timed out\n    at Model.$wrapCallback (D:\\Edgile\\Edgile\\edgile-backend\\node_modules\\mongoose\\lib\\model.js:5433:32)\n    at D:\\Edgile\\Edgile\\edgile-backend\\node_modules\\mongoose\\lib\\query.js:4938:21\n    at D:\\Edgile\\Edgile\\edgile-backend\\node_modules\\mongoose\\lib\\helpers\\promiseOrCallback.js:41:5\n    at new Promise (<anonymous>)\n    at promiseOrCallback (D:\\Edgile\\Edgile\\edgile-backend\\node_modules\\mongoose\\lib\\helpers\\promiseOrCallback.js:40:10)\n    at model.Query.exec (D:\\Edgile\\Edgile\\edgile-backend\\node_modules\\mongoose\\lib\\query.js:4937:10)\n    at Query.then (D:\\Edgile\\Edgile\\edgile-backend\\node_modules\\mongoose\\lib\\query.js:5020:15)\n    at process.processTicksAndRejections (node:internal/process/task_queues:105:5)"
}
2025-05-10 12:51:46 [error]: 🔥 JWT Verification Error: connection 10 to 159.41.207.113:27017 timed out {
  "reason": {
    "type": "ReplicaSetNoPrimary",
    "servers": {},
    "stale": false,
    "compatible": true,
    "heartbeatFrequencyMS": 10000,
    "localThresholdMS": 15,
    "setName": "atlas-ba3c4s-shard-0",
    "maxElectionId": "7fffffff00000000000000bb",
    "maxSetVersion": 1,
    "commonWireVersion": 0,
    "logicalSessionTimeoutMinutes": 30
  },
  "stack": "MongooseServerSelectionError: connection 10 to 159.41.207.113:27017 timed out\n    at Model.$wrapCallback (D:\\Edgile\\Edgile\\edgile-backend\\node_modules\\mongoose\\lib\\model.js:5433:32)\n    at D:\\Edgile\\Edgile\\edgile-backend\\node_modules\\mongoose\\lib\\query.js:4938:21\n    at D:\\Edgile\\Edgile\\edgile-backend\\node_modules\\mongoose\\lib\\helpers\\promiseOrCallback.js:41:5\n    at new Promise (<anonymous>)\n    at promiseOrCallback (D:\\Edgile\\Edgile\\edgile-backend\\node_modules\\mongoose\\lib\\helpers\\promiseOrCallback.js:40:10)\n    at model.Query.exec (D:\\Edgile\\Edgile\\edgile-backend\\node_modules\\mongoose\\lib\\query.js:4937:10)\n    at Query.then (D:\\Edgile\\Edgile\\edgile-backend\\node_modules\\mongoose\\lib\\query.js:5020:15)\n    at process.processTicksAndRejections (node:internal/process/task_queues:105:5)"
}
2025-05-10 12:51:51 [error]: 🔥 JWT Verification Error: connection 10 to 159.41.207.113:27017 timed out {
  "reason": {
    "type": "ReplicaSetNoPrimary",
    "servers": {},
    "stale": false,
    "compatible": true,
    "heartbeatFrequencyMS": 10000,
    "localThresholdMS": 15,
    "setName": "atlas-ba3c4s-shard-0",
    "maxElectionId": "7fffffff00000000000000bb",
    "maxSetVersion": 1,
    "commonWireVersion": 0,
    "logicalSessionTimeoutMinutes": 30
  },
  "stack": "MongooseServerSelectionError: connection 10 to 159.41.207.113:27017 timed out\n    at Model.$wrapCallback (D:\\Edgile\\Edgile\\edgile-backend\\node_modules\\mongoose\\lib\\model.js:5433:32)\n    at D:\\Edgile\\Edgile\\edgile-backend\\node_modules\\mongoose\\lib\\query.js:4938:21\n    at D:\\Edgile\\Edgile\\edgile-backend\\node_modules\\mongoose\\lib\\helpers\\promiseOrCallback.js:41:5\n    at new Promise (<anonymous>)\n    at promiseOrCallback (D:\\Edgile\\Edgile\\edgile-backend\\node_modules\\mongoose\\lib\\helpers\\promiseOrCallback.js:40:10)\n    at model.Query.exec (D:\\Edgile\\Edgile\\edgile-backend\\node_modules\\mongoose\\lib\\query.js:4937:10)\n    at Query.then (D:\\Edgile\\Edgile\\edgile-backend\\node_modules\\mongoose\\lib\\query.js:5020:15)\n    at process.processTicksAndRejections (node:internal/process/task_queues:105:5)"
}
2025-05-10 12:52:50 [error]: 🔥 JWT Verification Error: Could not connect to any servers in your MongoDB Atlas cluster. One common reason is that you're trying to access the database from an IP that isn't whitelisted. Make sure your current IP address is on your Atlas cluster's IP whitelist: https://www.mongodb.com/docs/atlas/security-whitelist/ {
  "reason": {
    "type": "ReplicaSetNoPrimary",
    "servers": {},
    "stale": false,
    "compatible": true,
    "heartbeatFrequencyMS": 10000,
    "localThresholdMS": 15,
    "setName": "atlas-ba3c4s-shard-0",
    "maxElectionId": "7fffffff00000000000000bb",
    "maxSetVersion": 1,
    "commonWireVersion": 0,
    "logicalSessionTimeoutMinutes": null
  },
  "stack": "MongooseServerSelectionError: Could not connect to any servers in your MongoDB Atlas cluster. One common reason is that you're trying to access the database from an IP that isn't whitelisted. Make sure your current IP address is on your Atlas cluster's IP whitelist: https://www.mongodb.com/docs/atlas/security-whitelist/\n    at Model.$wrapCallback (D:\\Edgile\\Edgile\\edgile-backend\\node_modules\\mongoose\\lib\\model.js:5433:32)\n    at D:\\Edgile\\Edgile\\edgile-backend\\node_modules\\mongoose\\lib\\query.js:4938:21\n    at D:\\Edgile\\Edgile\\edgile-backend\\node_modules\\mongoose\\lib\\helpers\\promiseOrCallback.js:41:5\n    at new Promise (<anonymous>)\n    at promiseOrCallback (D:\\Edgile\\Edgile\\edgile-backend\\node_modules\\mongoose\\lib\\helpers\\promiseOrCallback.js:40:10)\n    at model.Query.exec (D:\\Edgile\\Edgile\\edgile-backend\\node_modules\\mongoose\\lib\\query.js:4937:10)\n    at Query.then (D:\\Edgile\\Edgile\\edgile-backend\\node_modules\\mongoose\\lib\\query.js:5020:15)\n    at process.processTicksAndRejections (node:internal/process/task_queues:105:5)"
}
2025-05-10 12:57:45 [error]: 🔥 JWT Verification Error: getaddrinfo ENOTFOUND cluster0-shard-00-01.bj81e.mongodb.net {
  "reason": {
    "type": "ReplicaSetNoPrimary",
    "servers": {},
    "stale": false,
    "compatible": true,
    "heartbeatFrequencyMS": 10000,
    "localThresholdMS": 15,
    "setName": "atlas-ba3c4s-shard-0",
    "maxElectionId": "7fffffff00000000000000bb",
    "maxSetVersion": 1,
    "commonWireVersion": 0,
    "logicalSessionTimeoutMinutes": 30
  },
  "stack": "MongooseServerSelectionError: getaddrinfo ENOTFOUND cluster0-shard-00-01.bj81e.mongodb.net\n    at Model.$wrapCallback (D:\\Edgile\\Edgile\\edgile-backend\\node_modules\\mongoose\\lib\\model.js:5433:32)\n    at D:\\Edgile\\Edgile\\edgile-backend\\node_modules\\mongoose\\lib\\query.js:4938:21\n    at D:\\Edgile\\Edgile\\edgile-backend\\node_modules\\mongoose\\lib\\helpers\\promiseOrCallback.js:41:5\n    at new Promise (<anonymous>)\n    at promiseOrCallback (D:\\Edgile\\Edgile\\edgile-backend\\node_modules\\mongoose\\lib\\helpers\\promiseOrCallback.js:40:10)\n    at model.Query.exec (D:\\Edgile\\Edgile\\edgile-backend\\node_modules\\mongoose\\lib\\query.js:4937:10)\n    at Query.then (D:\\Edgile\\Edgile\\edgile-backend\\node_modules\\mongoose\\lib\\query.js:5020:15)\n    at process.processTicksAndRejections (node:internal/process/task_queues:105:5)"
}
2025-05-10 12:57:45 [error]: 🔥 JWT Verification Error: getaddrinfo ENOTFOUND cluster0-shard-00-01.bj81e.mongodb.net {
  "reason": {
    "type": "ReplicaSetNoPrimary",
    "servers": {},
    "stale": false,
    "compatible": true,
    "heartbeatFrequencyMS": 10000,
    "localThresholdMS": 15,
    "setName": "atlas-ba3c4s-shard-0",
    "maxElectionId": "7fffffff00000000000000bb",
    "maxSetVersion": 1,
    "commonWireVersion": 0,
    "logicalSessionTimeoutMinutes": 30
  },
  "stack": "MongooseServerSelectionError: getaddrinfo ENOTFOUND cluster0-shard-00-01.bj81e.mongodb.net\n    at Model.$wrapCallback (D:\\Edgile\\Edgile\\edgile-backend\\node_modules\\mongoose\\lib\\model.js:5433:32)\n    at D:\\Edgile\\Edgile\\edgile-backend\\node_modules\\mongoose\\lib\\query.js:4938:21\n    at D:\\Edgile\\Edgile\\edgile-backend\\node_modules\\mongoose\\lib\\helpers\\promiseOrCallback.js:41:5\n    at new Promise (<anonymous>)\n    at promiseOrCallback (D:\\Edgile\\Edgile\\edgile-backend\\node_modules\\mongoose\\lib\\helpers\\promiseOrCallback.js:40:10)\n    at model.Query.exec (D:\\Edgile\\Edgile\\edgile-backend\\node_modules\\mongoose\\lib\\query.js:4937:10)\n    at Query.then (D:\\Edgile\\Edgile\\edgile-backend\\node_modules\\mongoose\\lib\\query.js:5020:15)\n    at process.processTicksAndRejections (node:internal/process/task_queues:105:5)"
}
2025-05-10 12:57:45 [error]: 🔥 JWT Verification Error: getaddrinfo ENOTFOUND cluster0-shard-00-01.bj81e.mongodb.net {
  "reason": {
    "type": "ReplicaSetNoPrimary",
    "servers": {},
    "stale": false,
    "compatible": true,
    "heartbeatFrequencyMS": 10000,
    "localThresholdMS": 15,
    "setName": "atlas-ba3c4s-shard-0",
    "maxElectionId": "7fffffff00000000000000bb",
    "maxSetVersion": 1,
    "commonWireVersion": 0,
    "logicalSessionTimeoutMinutes": 30
  },
  "stack": "MongooseServerSelectionError: getaddrinfo ENOTFOUND cluster0-shard-00-01.bj81e.mongodb.net\n    at Model.$wrapCallback (D:\\Edgile\\Edgile\\edgile-backend\\node_modules\\mongoose\\lib\\model.js:5433:32)\n    at D:\\Edgile\\Edgile\\edgile-backend\\node_modules\\mongoose\\lib\\query.js:4938:21\n    at D:\\Edgile\\Edgile\\edgile-backend\\node_modules\\mongoose\\lib\\helpers\\promiseOrCallback.js:41:5\n    at new Promise (<anonymous>)\n    at promiseOrCallback (D:\\Edgile\\Edgile\\edgile-backend\\node_modules\\mongoose\\lib\\helpers\\promiseOrCallback.js:40:10)\n    at model.Query.exec (D:\\Edgile\\Edgile\\edgile-backend\\node_modules\\mongoose\\lib\\query.js:4937:10)\n    at Query.then (D:\\Edgile\\Edgile\\edgile-backend\\node_modules\\mongoose\\lib\\query.js:5020:15)\n    at process.processTicksAndRejections (node:internal/process/task_queues:105:5)"
}
2025-05-10 12:57:53 [error]: 🔥 JWT Verification Error: getaddrinfo ENOTFOUND cluster0-shard-00-01.bj81e.mongodb.net {
  "reason": {
    "type": "ReplicaSetNoPrimary",
    "servers": {},
    "stale": false,
    "compatible": true,
    "heartbeatFrequencyMS": 10000,
    "localThresholdMS": 15,
    "setName": "atlas-ba3c4s-shard-0",
    "maxElectionId": "7fffffff00000000000000bb",
    "maxSetVersion": 1,
    "commonWireVersion": 0,
    "logicalSessionTimeoutMinutes": 30
  },
  "stack": "MongooseServerSelectionError: getaddrinfo ENOTFOUND cluster0-shard-00-01.bj81e.mongodb.net\n    at Model.$wrapCallback (D:\\Edgile\\Edgile\\edgile-backend\\node_modules\\mongoose\\lib\\model.js:5433:32)\n    at D:\\Edgile\\Edgile\\edgile-backend\\node_modules\\mongoose\\lib\\query.js:4938:21\n    at D:\\Edgile\\Edgile\\edgile-backend\\node_modules\\mongoose\\lib\\helpers\\promiseOrCallback.js:41:5\n    at new Promise (<anonymous>)\n    at promiseOrCallback (D:\\Edgile\\Edgile\\edgile-backend\\node_modules\\mongoose\\lib\\helpers\\promiseOrCallback.js:40:10)\n    at model.Query.exec (D:\\Edgile\\Edgile\\edgile-backend\\node_modules\\mongoose\\lib\\query.js:4937:10)\n    at Query.then (D:\\Edgile\\Edgile\\edgile-backend\\node_modules\\mongoose\\lib\\query.js:5020:15)\n    at process.processTicksAndRejections (node:internal/process/task_queues:105:5)"
}
2025-05-10 14:28:56 [error]: 🔥 Auth Error: Could not connect to any servers in your MongoDB Atlas cluster. One common reason is that you're trying to access the database from an IP that isn't whitelisted. Make sure your current IP address is on your Atlas cluster's IP whitelist: https://www.mongodb.com/docs/atlas/security-whitelist/ {
  "reason": {
    "type": "ReplicaSetNoPrimary",
    "servers": {},
    "stale": false,
    "compatible": true,
    "heartbeatFrequencyMS": 10000,
    "localThresholdMS": 15,
    "setName": "atlas-ba3c4s-shard-0",
    "maxElectionId": "7fffffff00000000000000bb",
    "maxSetVersion": 1,
    "commonWireVersion": 0,
    "logicalSessionTimeoutMinutes": null
  },
  "stack": "MongooseServerSelectionError: Could not connect to any servers in your MongoDB Atlas cluster. One common reason is that you're trying to access the database from an IP that isn't whitelisted. Make sure your current IP address is on your Atlas cluster's IP whitelist: https://www.mongodb.com/docs/atlas/security-whitelist/\n    at Model.$wrapCallback (D:\\Edgile\\Edgile\\edgile-backend\\node_modules\\mongoose\\lib\\model.js:5433:32)\n    at D:\\Edgile\\Edgile\\edgile-backend\\node_modules\\mongoose\\lib\\query.js:4938:21\n    at D:\\Edgile\\Edgile\\edgile-backend\\node_modules\\mongoose\\lib\\helpers\\promiseOrCallback.js:41:5\n    at new Promise (<anonymous>)\n    at promiseOrCallback (D:\\Edgile\\Edgile\\edgile-backend\\node_modules\\mongoose\\lib\\helpers\\promiseOrCallback.js:40:10)\n    at model.Query.exec (D:\\Edgile\\Edgile\\edgile-backend\\node_modules\\mongoose\\lib\\query.js:4937:10)\n    at Query.then (D:\\Edgile\\Edgile\\edgile-backend\\node_modules\\mongoose\\lib\\query.js:5020:15)\n    at process.processTicksAndRejections (node:internal/process/task_queues:105:5)"
}
2025-05-10 14:29:01 [error]: 🔥 Auth Error: Could not connect to any servers in your MongoDB Atlas cluster. One common reason is that you're trying to access the database from an IP that isn't whitelisted. Make sure your current IP address is on your Atlas cluster's IP whitelist: https://www.mongodb.com/docs/atlas/security-whitelist/ {
  "reason": {
    "type": "ReplicaSetNoPrimary",
    "servers": {},
    "stale": false,
    "compatible": true,
    "heartbeatFrequencyMS": 10000,
    "localThresholdMS": 15,
    "setName": "atlas-ba3c4s-shard-0",
    "maxElectionId": "7fffffff00000000000000bb",
    "maxSetVersion": 1,
    "commonWireVersion": 0,
    "logicalSessionTimeoutMinutes": null
  },
  "stack": "MongooseServerSelectionError: Could not connect to any servers in your MongoDB Atlas cluster. One common reason is that you're trying to access the database from an IP that isn't whitelisted. Make sure your current IP address is on your Atlas cluster's IP whitelist: https://www.mongodb.com/docs/atlas/security-whitelist/\n    at Model.$wrapCallback (D:\\Edgile\\Edgile\\edgile-backend\\node_modules\\mongoose\\lib\\model.js:5433:32)\n    at D:\\Edgile\\Edgile\\edgile-backend\\node_modules\\mongoose\\lib\\query.js:4938:21\n    at D:\\Edgile\\Edgile\\edgile-backend\\node_modules\\mongoose\\lib\\helpers\\promiseOrCallback.js:41:5\n    at new Promise (<anonymous>)\n    at promiseOrCallback (D:\\Edgile\\Edgile\\edgile-backend\\node_modules\\mongoose\\lib\\helpers\\promiseOrCallback.js:40:10)\n    at model.Query.exec (D:\\Edgile\\Edgile\\edgile-backend\\node_modules\\mongoose\\lib\\query.js:4937:10)\n    at Query.then (D:\\Edgile\\Edgile\\edgile-backend\\node_modules\\mongoose\\lib\\query.js:5020:15)\n    at process.processTicksAndRejections (node:internal/process/task_queues:105:5)"
}
2025-05-10 15:18:18 [error]: 🔥 JWT Verification Error: Could not connect to any servers in your MongoDB Atlas cluster. One common reason is that you're trying to access the database from an IP that isn't whitelisted. Make sure your current IP address is on your Atlas cluster's IP whitelist: https://www.mongodb.com/docs/atlas/security-whitelist/ {
  "reason": {
    "type": "ReplicaSetNoPrimary",
    "servers": {},
    "stale": false,
    "compatible": true,
    "heartbeatFrequencyMS": 10000,
    "localThresholdMS": 15,
    "setName": "atlas-ba3c4s-shard-0",
    "maxElectionId": "7fffffff00000000000000bb",
    "maxSetVersion": 1,
    "commonWireVersion": 0,
    "logicalSessionTimeoutMinutes": null
  },
  "stack": "MongooseServerSelectionError: Could not connect to any servers in your MongoDB Atlas cluster. One common reason is that you're trying to access the database from an IP that isn't whitelisted. Make sure your current IP address is on your Atlas cluster's IP whitelist: https://www.mongodb.com/docs/atlas/security-whitelist/\n    at Model.$wrapCallback (D:\\Edgile\\Edgile\\edgile-backend\\node_modules\\mongoose\\lib\\model.js:5433:32)\n    at D:\\Edgile\\Edgile\\edgile-backend\\node_modules\\mongoose\\lib\\query.js:4938:21\n    at D:\\Edgile\\Edgile\\edgile-backend\\node_modules\\mongoose\\lib\\helpers\\promiseOrCallback.js:41:5\n    at new Promise (<anonymous>)\n    at promiseOrCallback (D:\\Edgile\\Edgile\\edgile-backend\\node_modules\\mongoose\\lib\\helpers\\promiseOrCallback.js:40:10)\n    at model.Query.exec (D:\\Edgile\\Edgile\\edgile-backend\\node_modules\\mongoose\\lib\\query.js:4937:10)\n    at Query.then (D:\\Edgile\\Edgile\\edgile-backend\\node_modules\\mongoose\\lib\\query.js:5020:15)\n    at process.processTicksAndRejections (node:internal/process/task_queues:105:5)"
}
2025-05-10 15:18:48 [error]: 🔥 JWT Verification Error: Could not connect to any servers in your MongoDB Atlas cluster. One common reason is that you're trying to access the database from an IP that isn't whitelisted. Make sure your current IP address is on your Atlas cluster's IP whitelist: https://www.mongodb.com/docs/atlas/security-whitelist/ {
  "reason": {
    "type": "ReplicaSetNoPrimary",
    "servers": {},
    "stale": false,
    "compatible": true,
    "heartbeatFrequencyMS": 10000,
    "localThresholdMS": 15,
    "setName": "atlas-ba3c4s-shard-0",
    "maxElectionId": "7fffffff00000000000000bb",
    "maxSetVersion": 1,
    "commonWireVersion": 0,
    "logicalSessionTimeoutMinutes": null
  },
  "stack": "MongooseServerSelectionError: Could not connect to any servers in your MongoDB Atlas cluster. One common reason is that you're trying to access the database from an IP that isn't whitelisted. Make sure your current IP address is on your Atlas cluster's IP whitelist: https://www.mongodb.com/docs/atlas/security-whitelist/\n    at Model.$wrapCallback (D:\\Edgile\\Edgile\\edgile-backend\\node_modules\\mongoose\\lib\\model.js:5433:32)\n    at D:\\Edgile\\Edgile\\edgile-backend\\node_modules\\mongoose\\lib\\query.js:4938:21\n    at D:\\Edgile\\Edgile\\edgile-backend\\node_modules\\mongoose\\lib\\helpers\\promiseOrCallback.js:41:5\n    at new Promise (<anonymous>)\n    at promiseOrCallback (D:\\Edgile\\Edgile\\edgile-backend\\node_modules\\mongoose\\lib\\helpers\\promiseOrCallback.js:40:10)\n    at model.Query.exec (D:\\Edgile\\Edgile\\edgile-backend\\node_modules\\mongoose\\lib\\query.js:4937:10)\n    at Query.then (D:\\Edgile\\Edgile\\edgile-backend\\node_modules\\mongoose\\lib\\query.js:5020:15)\n    at process.processTicksAndRejections (node:internal/process/task_queues:105:5)"
}
2025-05-10 15:42:58 [error]: 🔥 JWT Verification Error: Could not connect to any servers in your MongoDB Atlas cluster. One common reason is that you're trying to access the database from an IP that isn't whitelisted. Make sure your current IP address is on your Atlas cluster's IP whitelist: https://www.mongodb.com/docs/atlas/security-whitelist/ {
  "reason": {
    "type": "ReplicaSetNoPrimary",
    "servers": {},
    "stale": false,
    "compatible": true,
    "heartbeatFrequencyMS": 10000,
    "localThresholdMS": 15,
    "setName": "atlas-ba3c4s-shard-0",
    "maxElectionId": "7fffffff00000000000000bb",
    "maxSetVersion": 1,
    "commonWireVersion": 0,
    "logicalSessionTimeoutMinutes": null
  },
  "stack": "MongooseServerSelectionError: Could not connect to any servers in your MongoDB Atlas cluster. One common reason is that you're trying to access the database from an IP that isn't whitelisted. Make sure your current IP address is on your Atlas cluster's IP whitelist: https://www.mongodb.com/docs/atlas/security-whitelist/\n    at Model.$wrapCallback (D:\\Edgile\\Edgile\\edgile-backend\\node_modules\\mongoose\\lib\\model.js:5433:32)\n    at D:\\Edgile\\Edgile\\edgile-backend\\node_modules\\mongoose\\lib\\query.js:4938:21\n    at D:\\Edgile\\Edgile\\edgile-backend\\node_modules\\mongoose\\lib\\helpers\\promiseOrCallback.js:41:5\n    at new Promise (<anonymous>)\n    at promiseOrCallback (D:\\Edgile\\Edgile\\edgile-backend\\node_modules\\mongoose\\lib\\helpers\\promiseOrCallback.js:40:10)\n    at model.Query.exec (D:\\Edgile\\Edgile\\edgile-backend\\node_modules\\mongoose\\lib\\query.js:4937:10)\n    at Query.then (D:\\Edgile\\Edgile\\edgile-backend\\node_modules\\mongoose\\lib\\query.js:5020:15)\n    at process.processTicksAndRejections (node:internal/process/task_queues:105:5)"
}
2025-05-10 19:18:27 [error]: Admin auth middleware error: jwt expired 
2025-05-10 19:18:27 [error]: Admin auth middleware error: jwt expired 
2025-05-10 19:18:27 [error]: Admin auth middleware error: jwt expired 
2025-05-10 19:28:38 [error]: EventController: Error creating event: Event validation failed: createdBy: Path `createdBy` is required. {
  "errors": {
    "createdBy": {
      "name": "ValidatorError",
      "message": "Path `createdBy` is required.",
      "properties": {
        "message": "Path `createdBy` is required.",
        "type": "required",
        "path": "createdBy"
      },
      "kind": "required",
      "path": "createdBy"
    }
  },
  "_message": "Event validation failed",
  "stack": "ValidationError: Event validation failed: createdBy: Path `createdBy` is required.\n    at Document.invalidate (D:\\Edgile\\Edgile\\edgile-backend\\node_modules\\mongoose\\lib\\document.js:3197:32)\n    at D:\\Edgile\\Edgile\\edgile-backend\\node_modules\\mongoose\\lib\\document.js:2985:17\n    at D:\\Edgile\\Edgile\\edgile-backend\\node_modules\\mongoose\\lib\\schematype.js:1350:9\n    at process.processTicksAndRejections (node:internal/process/task_queues:85:11)"
}
2025-05-10 19:28:48 [error]: Admin auth middleware error: invalid signature 
2025-05-10 23:06:43 [error]: COEController: Error adding event to COE: Event validation failed: type: `IA` is not a valid enum value for path `type`. {
  "errors": {
    "type": {
      "name": "ValidatorError",
      "message": "`IA` is not a valid enum value for path `type`.",
      "properties": {
        "message": "`IA` is not a valid enum value for path `type`.",
        "type": "enum",
        "enumValues": [
          "Holiday",
          "Exam",
          "Event"
        ],
        "path": "type",
        "value": "IA"
      },
      "kind": "enum",
      "path": "type",
      "value": "IA"
    }
  },
  "_message": "Event validation failed",
  "stack": "ValidationError: Event validation failed: type: `IA` is not a valid enum value for path `type`.\n    at Document.invalidate (D:\\Edgile\\Edgile\\edgile-backend\\node_modules\\mongoose\\lib\\document.js:3197:32)\n    at D:\\Edgile\\Edgile\\edgile-backend\\node_modules\\mongoose\\lib\\document.js:2985:17\n    at D:\\Edgile\\Edgile\\edgile-backend\\node_modules\\mongoose\\lib\\schematype.js:1350:9\n    at process.processTicksAndRejections (node:internal/process/task_queues:85:11)"
}
2025-05-11 03:25:37 [error]: COEController: Error adding event to COE: Event validation failed: type: `IA` is not a valid enum value for path `type`. {
  "errors": {
    "type": {
      "name": "ValidatorError",
      "message": "`IA` is not a valid enum value for path `type`.",
      "properties": {
        "message": "`IA` is not a valid enum value for path `type`.",
        "type": "enum",
        "enumValues": [
          "Holiday",
          "Exam",
          "Event"
        ],
        "path": "type",
        "value": "IA"
      },
      "kind": "enum",
      "path": "type",
      "value": "IA"
    }
  },
  "_message": "Event validation failed",
  "stack": "ValidationError: Event validation failed: type: `IA` is not a valid enum value for path `type`.\n    at Document.invalidate (D:\\Edgile\\Edgile\\edgile-backend\\node_modules\\mongoose\\lib\\document.js:3197:32)\n    at D:\\Edgile\\Edgile\\edgile-backend\\node_modules\\mongoose\\lib\\document.js:2985:17\n    at D:\\Edgile\\Edgile\\edgile-backend\\node_modules\\mongoose\\lib\\schematype.js:1350:9\n    at process.processTicksAndRejections (node:internal/process/task_queues:85:11)"
}
2025-05-11 19:20:34 [error]: Admin auth middleware error: jwt expired 
2025-05-11 19:20:34 [error]: Admin auth middleware error: jwt expired 
2025-05-11 19:20:37 [error]: Admin auth middleware error: jwt expired 
2025-05-11 19:20:37 [error]: Admin auth middleware error: jwt expired 
2025-05-11 19:20:37 [error]: Admin auth middleware error: jwt expired 
2025-05-11 19:27:53 [error]: Admin auth middleware error: jwt expired 
2025-05-11 19:27:53 [error]: Admin auth middleware error: jwt expired 
2025-05-11 19:28:02 [error]: Admin auth middleware error: jwt expired 
2025-05-11 19:28:02 [error]: Admin auth middleware error: jwt expired 
2025-05-11 19:28:38 [error]: Admin auth middleware error: jwt expired 
2025-05-11 19:28:38 [error]: Admin auth middleware error: jwt expired 
2025-05-11 19:28:39 [error]: Admin auth middleware error: jwt expired 
2025-05-11 19:28:39 [error]: Admin auth middleware error: jwt expired 
2025-05-11 19:28:41 [error]: Admin auth middleware error: jwt expired 
2025-05-11 19:28:41 [error]: Admin auth middleware error: jwt expired 
2025-05-11 19:28:41 [error]: Admin auth middleware error: jwt expired 
2025-05-11 19:29:05 [error]: Admin auth middleware error: jwt expired 
2025-05-11 19:29:05 [error]: Admin auth middleware error: jwt expired 
2025-05-11 19:29:05 [error]: Admin auth middleware error: jwt expired 
2025-05-11 19:30:51 [error]: Admin auth middleware error: jwt expired 
2025-05-11 19:30:51 [error]: Admin auth middleware error: jwt expired 
2025-05-11 19:30:51 [error]: Admin auth middleware error: jwt expired 
2025-05-11 19:30:56 [error]: Admin auth middleware error: jwt expired 
2025-05-11 19:30:56 [error]: Admin auth middleware error: jwt expired 
2025-05-11 19:30:56 [error]: Admin auth middleware error: jwt expired 
2025-05-11 19:34:43 [error]: Admin auth middleware error: jwt expired 
2025-05-11 19:34:43 [error]: Admin auth middleware error: jwt expired 
2025-05-11 19:34:43 [error]: Admin auth middleware error: jwt expired 
2025-05-11 19:37:47 [error]: Admin auth middleware error: jwt expired 
2025-05-11 19:37:47 [error]: Admin auth middleware error: jwt expired 
2025-05-11 19:37:47 [error]: Admin auth middleware error: jwt expired 
2025-05-11 19:37:47 [error]: Admin auth middleware error: jwt expired 
2025-05-11 19:37:47 [error]: Admin auth middleware error: jwt expired 
2025-05-11 19:37:47 [error]: Admin auth middleware error: jwt expired 
2025-05-12 23:06:08 [error]: Admin auth middleware error: jwt expired 
2025-05-12 23:06:08 [error]: Admin auth middleware error: jwt expired 
2025-05-12 23:06:13 [error]: Admin auth middleware error: jwt expired 
2025-05-12 23:06:13 [error]: Admin auth middleware error: jwt expired 
2025-05-12 23:06:13 [error]: Admin auth middleware error: jwt expired 
2025-05-12 23:06:13 [error]: Admin auth middleware error: jwt expired 
2025-05-12 23:06:13 [error]: Admin auth middleware error: jwt expired 
2025-05-12 23:06:13 [error]: Admin auth middleware error: jwt expired 
2025-05-12 23:06:15 [error]: Admin auth middleware error: jwt expired 
2025-05-12 23:06:15 [error]: Admin auth middleware error: jwt expired 
2025-05-14 12:39:12 [error]: Admin auth middleware error: jwt malformed 
